cscanner.py: 134:==============================Starting    LINE NUMBER: 1======================
   yacc.py: 360:PLY: PARSE DEBUG START
cscanner.py: 106:Line Number: 1 Token: CONST Value: const
cscanner.py: 106:Line Number: 1 Token: INT Value: int
   yacc.py: 469:Action : Reduce rule [type_qualifier -> CONST] with ['const'] and goto state 32
   yacc.py: 503:Result : <list @ 0x10e64a440> (['const'])
cscanner.py: 106:Line Number: 1 Token: IDENTIFIER Value: b
   yacc.py: 469:Action : Reduce rule [type_specifier -> INT] with ['int'] and goto state 13
   yacc.py: 503:Result : <str @ 0x10e5e3a30> ('int')
   yacc.py: 469:Action : Reduce rule [declaration_specifiers -> type_specifier] with ['int'] and goto state 55
   yacc.py: 503:Result : <Type @ 0x10e65ddb8> (<asttree.Type object at 0x10e65ddb8>)
   yacc.py: 469:Action : Reduce rule [declaration_specifiers -> type_qualifier declaration_specifiers] with [['const'],<Type @ 0x10e65ddb8>] and goto state 25
   yacc.py: 503:Result : <Type @ 0x10e65ddb8> (<asttree.Type object at 0x10e65ddb8>)
cscanner.py: 106:Line Number: 1 Token: SEMI Value: ;
   yacc.py: 469:Action : Reduce rule [direct_declarator -> IDENTIFIER] with ['b'] and goto state 24
   yacc.py: 503:Result : <VariableNode @ 0x10e6354d0> (<symboltable.VariableNode object at 0x10 ...)
   yacc.py: 469:Action : Reduce rule [declarator -> direct_declarator] with [<VariableNode @ 0x10e6354d0>] and goto state 54
   yacc.py: 503:Result : <VariableNode @ 0x10e6354d0> (<symboltable.VariableNode object at 0x10 ...)
   yacc.py: 469:Action : Reduce rule [init_declarator -> declarator] with [<VariableNode @ 0x10e6354d0>] and goto state 53
   yacc.py: 503:Result : <dict @ 0x10e1fa5c8> ({'symbolNode': <symboltable.VariableNode ...)
   yacc.py: 469:Action : Reduce rule [init_declarator_list -> init_declarator] with [<dict @ 0x10e1fa5c8>] and goto state 52
   yacc.py: 503:Result : <list @ 0x10e64a440> ([{'symbolNode': <symboltable.VariableNod ...)
cscanner.py: 134:tokens : CONST INT IDENTIFIER SEMI 
cscanner.py: 134:source : const int b ; 
cscanner.py: 134:==============================Completed LINE NUMBER: 1======================
cscanner.py: 134:==============================Starting    LINE NUMBER: 2======================
cscanner.py: 106:Line Number: 2 Token: INT Value: int
   yacc.py: 469:Action : Reduce rule [declaration -> declaration_specifiers init_declarator_list SEMI] with [<Type @ 0x10e65ddb8>,<list @ 0x10e64a440>,';'] and goto state 26
   yacc.py: 503:Result : <DeclList @ 0x10e63d518> (<asttree.DeclList object at 0x10e63d518>)
   yacc.py: 469:Action : Reduce rule [external_declaration -> declaration] with [<DeclList @ 0x10e63d518>] and goto state 12
   yacc.py: 503:Result : <DeclList @ 0x10e63d518> (<asttree.DeclList object at 0x10e63d518>)
   yacc.py: 469:Action : Reduce rule [translation_unit -> external_declaration] with [<DeclList @ 0x10e63d518>] and goto state 20
   yacc.py: 503:Result : <list @ 0x10e646e18> ([<asttree.DeclList object at 0x10e63d518 ...)
cscanner.py: 106:Line Number: 2 Token: IDENTIFIER Value: a
   yacc.py: 469:Action : Reduce rule [type_specifier -> INT] with ['int'] and goto state 13
   yacc.py: 503:Result : <str @ 0x10e5e3a58> ('int')
   yacc.py: 469:Action : Reduce rule [declaration_specifiers -> type_specifier] with ['int'] and goto state 25
   yacc.py: 503:Result : <Type @ 0x10e65df18> (<asttree.Type object at 0x10e65df18>)
cscanner.py: 106:Line Number: 2 Token: SEMI Value: ;
   yacc.py: 469:Action : Reduce rule [direct_declarator -> IDENTIFIER] with ['a'] and goto state 24
   yacc.py: 503:Result : <VariableNode @ 0x10e604f90> (<symboltable.VariableNode object at 0x10 ...)
   yacc.py: 469:Action : Reduce rule [declarator -> direct_declarator] with [<VariableNode @ 0x10e604f90>] and goto state 54
   yacc.py: 503:Result : <VariableNode @ 0x10e604f90> (<symboltable.VariableNode object at 0x10 ...)
   yacc.py: 469:Action : Reduce rule [init_declarator -> declarator] with [<VariableNode @ 0x10e604f90>] and goto state 53
   yacc.py: 503:Result : <dict @ 0x10e1fa5c8> ({'symbolNode': <symboltable.VariableNode ...)
   yacc.py: 469:Action : Reduce rule [init_declarator_list -> init_declarator] with [<dict @ 0x10e1fa5c8>] and goto state 52
   yacc.py: 503:Result : <list @ 0x10e64a6c8> ([{'symbolNode': <symboltable.VariableNod ...)
cscanner.py: 134:tokens : INT IDENTIFIER SEMI 
cscanner.py: 134:source : int a ; 
cscanner.py: 134:==============================Completed LINE NUMBER: 3======================
cscanner.py: 134:==============================Starting    LINE NUMBER: 4======================
cscanner.py: 106:Line Number: 4 Token: VOID Value: void
   yacc.py: 469:Action : Reduce rule [declaration -> declaration_specifiers init_declarator_list SEMI] with [<Type @ 0x10e65df18>,<list @ 0x10e64a6c8>,';'] and goto state 26
   yacc.py: 503:Result : <DeclList @ 0x10e63d098> (<asttree.DeclList object at 0x10e63d098>)
   yacc.py: 469:Action : Reduce rule [external_declaration -> declaration] with [<DeclList @ 0x10e63d098>] and goto state 46
   yacc.py: 503:Result : <DeclList @ 0x10e63d098> (<asttree.DeclList object at 0x10e63d098>)
   yacc.py: 469:Action : Reduce rule [translation_unit -> translation_unit external_declaration] with [<list @ 0x10e646e18>,<DeclList @ 0x10e63d098>] and goto state 20
   yacc.py: 503:Result : <list @ 0x10e646e18> ([<asttree.DeclList object at 0x10e63d518 ...)
cscanner.py: 106:Line Number: 4 Token: IDENTIFIER Value: main
   yacc.py: 469:Action : Reduce rule [type_specifier -> VOID] with ['void'] and goto state 13
   yacc.py: 503:Result : <str @ 0x10e658210> ('void')
   yacc.py: 469:Action : Reduce rule [declaration_specifiers -> type_specifier] with ['void'] and goto state 25
   yacc.py: 503:Result : <Type @ 0x10e65dfc8> (<asttree.Type object at 0x10e65dfc8>)
cscanner.py: 106:Line Number: 4 Token: OPENPARAN Value: (
   yacc.py: 469:Action : Reduce rule [direct_declarator -> IDENTIFIER] with ['main'] and goto state 24
   yacc.py: 503:Result : <VariableNode @ 0x10e19c8d0> (<symboltable.VariableNode object at 0x10 ...)
cscanner.py: 106:Line Number: 4 Token: CLOSEPARAN Value: )
cscanner.py: 134:tokens : VOID IDENTIFIER OPENPARAN CLOSEPARAN 
cscanner.py: 134:source : void main ( ) 
cscanner.py: 134:==============================Completed LINE NUMBER: 4======================
cscanner.py: 134:==============================Starting    LINE NUMBER: 5======================
cscanner.py: 106:Line Number: 5 Token: OPENBRACE Value: {
   yacc.py: 469:Action : Reduce rule [direct_declarator -> direct_declarator OPENPARAN CLOSEPARAN] with [<VariableNode @ 0x10e19c8d0>,'(',')'] and goto state 24
   yacc.py: 503:Result : <FunctionNode @ 0x10e5d7510> (<symboltable.FunctionNode object at 0x10 ...)
   yacc.py: 469:Action : Reduce rule [declarator -> direct_declarator] with [<FunctionNode @ 0x10e5d7510>] and goto state 54
   yacc.py: 503:Result : <FunctionNode @ 0x10e5d7510> (<symboltable.FunctionNode object at 0x10 ...)
cscanner.py: 134:tokens : OPENBRACE 
cscanner.py: 134:source : { 
cscanner.py: 134:==============================Completed LINE NUMBER: 5======================
cscanner.py: 134:==============================Starting    LINE NUMBER: 6======================
cscanner.py: 106:Line Number: 6 Token: INT Value: int
cscanner.py: 106:Line Number: 6 Token: IDENTIFIER Value: k
   yacc.py: 469:Action : Reduce rule [type_specifier -> INT] with ['int'] and goto state 13
   yacc.py: 503:Result : <str @ 0x10e5e3760> ('int')
   yacc.py: 469:Action : Reduce rule [declaration_specifiers -> type_specifier] with ['int'] and goto state 58
   yacc.py: 503:Result : <Type @ 0x10e8e10a8> (<asttree.Type object at 0x10e8e10a8>)
cscanner.py: 106:Line Number: 6 Token: SEMI Value: ;
   yacc.py: 469:Action : Reduce rule [direct_declarator -> IDENTIFIER] with ['k'] and goto state 24
   yacc.py: 503:Result : <VariableNode @ 0x10e19c8d0> (<symboltable.VariableNode object at 0x10 ...)
   yacc.py: 469:Action : Reduce rule [declarator -> direct_declarator] with [<VariableNode @ 0x10e19c8d0>] and goto state 145
   yacc.py: 503:Result : <VariableNode @ 0x10e19c8d0> (<symboltable.VariableNode object at 0x10 ...)
   yacc.py: 469:Action : Reduce rule [init_declarator -> declarator] with [<VariableNode @ 0x10e19c8d0>] and goto state 53
   yacc.py: 503:Result : <dict @ 0x10e8d5c58> ({'symbolNode': <symboltable.VariableNode ...)
   yacc.py: 469:Action : Reduce rule [init_declarator_list -> init_declarator] with [<dict @ 0x10e8d5c58>] and goto state 52
   yacc.py: 503:Result : <list @ 0x10e63a368> ([{'symbolNode': <symboltable.VariableNod ...)
cscanner.py: 134:tokens : INT IDENTIFIER SEMI 
cscanner.py: 134:source : int k ; 
cscanner.py: 134:==============================Completed LINE NUMBER: 6======================
cscanner.py: 134:==============================Starting    LINE NUMBER: 7======================
cscanner.py: 106:Line Number: 7 Token: IDENTIFIER Value: a
   yacc.py: 469:Action : Reduce rule [declaration -> declaration_specifiers init_declarator_list SEMI] with [<Type @ 0x10e8e10a8>,<list @ 0x10e63a368>,';'] and goto state 59
   yacc.py: 503:Result : <DeclList @ 0x10e63d4d0> (<asttree.DeclList object at 0x10e63d4d0>)
   yacc.py: 469:Action : Reduce rule [declaration_list -> declaration] with [<DeclList @ 0x10e63d4d0>] and goto state 121
   yacc.py: 503:Result : <list @ 0x10e63a098> ([<asttree.DeclList object at 0x10e63d4d0 ...)
cscanner.py: 106:Line Number: 7 Token: = Value: =
   yacc.py: 469:Action : Reduce rule [primary_expression -> IDENTIFIER] with ['a'] and goto state 99
   yacc.py: 503:Result : <VariableCall @ 0x10e63b910> (<asttree.VariableCall object at 0x10e63b ...)
   yacc.py: 469:Action : Reduce rule [postfix_expression -> primary_expression] with [<VariableCall @ 0x10e63b910>] and goto state 106
   yacc.py: 503:Result : <VariableCall @ 0x10e63b910> (<asttree.VariableCall object at 0x10e63b ...)
   yacc.py: 469:Action : Reduce rule [unary_expression -> postfix_expression] with [<VariableCall @ 0x10e63b910>] and goto state 123
   yacc.py: 503:Result : <VariableCall @ 0x10e63b910> (<asttree.VariableCall object at 0x10e63b ...)
cscanner.py: 106:Line Number: 7 Token: IDENTIFIER Value: b
   yacc.py: 469:Action : Reduce rule [assignment_operator -> =] with ['='] and goto state 227
   yacc.py: 503:Result : <AssignOp @ 0x10e65c640> (<asttree.AssignOp object at 0x10e65c640>)
cscanner.py: 106:Line Number: 7 Token: SEMI Value: ;
   yacc.py: 469:Action : Reduce rule [primary_expression -> IDENTIFIER] with ['b'] and goto state 99
   yacc.py: 503:Result : <VariableCall @ 0x10e65c690> (<asttree.VariableCall object at 0x10e65c ...)
   yacc.py: 469:Action : Reduce rule [postfix_expression -> primary_expression] with [<VariableCall @ 0x10e65c690>] and goto state 106
   yacc.py: 503:Result : <VariableCall @ 0x10e65c690> (<asttree.VariableCall object at 0x10e65c ...)
   yacc.py: 469:Action : Reduce rule [unary_expression -> postfix_expression] with [<VariableCall @ 0x10e65c690>] and goto state 123
   yacc.py: 503:Result : <VariableCall @ 0x10e65c690> (<asttree.VariableCall object at 0x10e65c ...)
   yacc.py: 469:Action : Reduce rule [cast_expression -> unary_expression] with [<VariableCall @ 0x10e65c690>] and goto state 96
   yacc.py: 503:Result : <VariableCall @ 0x10e65c690> (<asttree.VariableCall object at 0x10e65c ...)
   yacc.py: 469:Action : Reduce rule [multiplicative_expression -> cast_expression] with [<VariableCall @ 0x10e65c690>] and goto state 107
   yacc.py: 503:Result : <VariableCall @ 0x10e65c690> (<asttree.VariableCall object at 0x10e65c ...)
   yacc.py: 469:Action : Reduce rule [additive_expression -> multiplicative_expression] with [<VariableCall @ 0x10e65c690>] and goto state 98
   yacc.py: 503:Result : <VariableCall @ 0x10e65c690> (<asttree.VariableCall object at 0x10e65c ...)
   yacc.py: 469:Action : Reduce rule [shift_expression -> additive_expression] with [<VariableCall @ 0x10e65c690>] and goto state 102
   yacc.py: 503:Result : <VariableCall @ 0x10e65c690> (<asttree.VariableCall object at 0x10e65c ...)
   yacc.py: 469:Action : Reduce rule [relational_expression -> shift_expression] with [<VariableCall @ 0x10e65c690>] and goto state 94
   yacc.py: 503:Result : <VariableCall @ 0x10e65c690> (<asttree.VariableCall object at 0x10e65c ...)
   yacc.py: 469:Action : Reduce rule [equality_expression -> relational_expression] with [<VariableCall @ 0x10e65c690>] and goto state 103
   yacc.py: 503:Result : <VariableCall @ 0x10e65c690> (<asttree.VariableCall object at 0x10e65c ...)
   yacc.py: 469:Action : Reduce rule [and_expression -> equality_expression] with [<VariableCall @ 0x10e65c690>] and goto state 87
   yacc.py: 503:Result : <VariableCall @ 0x10e65c690> (<asttree.VariableCall object at 0x10e65c ...)
   yacc.py: 469:Action : Reduce rule [exclusive_or_expression -> and_expression] with [<VariableCall @ 0x10e65c690>] and goto state 85
   yacc.py: 503:Result : <VariableCall @ 0x10e65c690> (<asttree.VariableCall object at 0x10e65c ...)
   yacc.py: 469:Action : Reduce rule [inclusive_or_expression -> exclusive_or_expression] with [<VariableCall @ 0x10e65c690>] and goto state 90
   yacc.py: 503:Result : <VariableCall @ 0x10e65c690> (<asttree.VariableCall object at 0x10e65c ...)
   yacc.py: 469:Action : Reduce rule [logical_and_expression -> inclusive_or_expression] with [<VariableCall @ 0x10e65c690>] and goto state 100
   yacc.py: 503:Result : <VariableCall @ 0x10e65c690> (<asttree.VariableCall object at 0x10e65c ...)
   yacc.py: 469:Action : Reduce rule [logical_or_expression -> logical_and_expression] with [<VariableCall @ 0x10e65c690>] and goto state 97
   yacc.py: 503:Result : <VariableCall @ 0x10e65c690> (<asttree.VariableCall object at 0x10e65c ...)
   yacc.py: 469:Action : Reduce rule [conditional_expression -> logical_or_expression] with [<VariableCall @ 0x10e65c690>] and goto state 144
   yacc.py: 503:Result : <VariableCall @ 0x10e65c690> (<asttree.VariableCall object at 0x10e65c ...)
   yacc.py: 469:Action : Reduce rule [assignment_expression -> conditional_expression] with [<VariableCall @ 0x10e65c690>] and goto state 297
   yacc.py: 503:Result : <VariableCall @ 0x10e65c690> (<asttree.VariableCall object at 0x10e65c ...)
   yacc.py: 469:Action : Reduce rule [assignment_expression -> unary_expression assignment_operator assignment_expression] with [<VariableCall @ 0x10e63b910>,<AssignOp @ 0x10e65c640>,<VariableCall @ 0x10e65c690>] and goto state 142
   yacc.py: 503:Result : <AssignOp @ 0x10e65c640> (<asttree.AssignOp object at 0x10e65c640>)
   yacc.py: 469:Action : Reduce rule [expression -> assignment_expression] with [<AssignOp @ 0x10e65c640>] and goto state 129
   yacc.py: 503:Result : <AssignOp @ 0x10e65c640> (<asttree.AssignOp object at 0x10e65c640>)
cscanner.py: 134:tokens : IDENTIFIER = IDENTIFIER SEMI 
cscanner.py: 134:source : a = b ; 
cscanner.py: 134:==============================Completed LINE NUMBER: 7======================
cscanner.py: 134:==============================Starting    LINE NUMBER: 8======================
cscanner.py: 106:Line Number: 8 Token: IDENTIFIER Value: k
   yacc.py: 469:Action : Reduce rule [expression_statement -> expression SEMI] with [<AssignOp @ 0x10e65c640>,';'] and goto state 117
   yacc.py: 503:Result : <AssignOp @ 0x10e65c640> (<asttree.AssignOp object at 0x10e65c640>)
   yacc.py: 469:Action : Reduce rule [statement -> expression_statement] with [<AssignOp @ 0x10e65c640>] and goto state 134
   yacc.py: 503:Result : <AssignOp @ 0x10e65c640> (<asttree.AssignOp object at 0x10e65c640>)
   yacc.py: 469:Action : Reduce rule [statement_list -> statement] with [<AssignOp @ 0x10e65c640>] and goto state 213
   yacc.py: 503:Result : <list @ 0x10e63d290> ([<asttree.AssignOp object at 0x10e65c640 ...)
cscanner.py: 106:Line Number: 8 Token: = Value: =
   yacc.py: 469:Action : Reduce rule [primary_expression -> IDENTIFIER] with ['k'] and goto state 99
   yacc.py: 503:Result : <VariableCall @ 0x10e65c730> (<asttree.VariableCall object at 0x10e65c ...)
   yacc.py: 469:Action : Reduce rule [postfix_expression -> primary_expression] with [<VariableCall @ 0x10e65c730>] and goto state 106
   yacc.py: 503:Result : <VariableCall @ 0x10e65c730> (<asttree.VariableCall object at 0x10e65c ...)
   yacc.py: 469:Action : Reduce rule [unary_expression -> postfix_expression] with [<VariableCall @ 0x10e65c730>] and goto state 123
   yacc.py: 503:Result : <VariableCall @ 0x10e65c730> (<asttree.VariableCall object at 0x10e65c ...)
cscanner.py: 106:Line Number: 8 Token: IDENTIFIER Value: a
   yacc.py: 469:Action : Reduce rule [assignment_operator -> =] with ['='] and goto state 227
   yacc.py: 503:Result : <AssignOp @ 0x10e65c6e0> (<asttree.AssignOp object at 0x10e65c6e0>)
cscanner.py: 106:Line Number: 8 Token: SEMI Value: ;
   yacc.py: 469:Action : Reduce rule [primary_expression -> IDENTIFIER] with ['a'] and goto state 99
   yacc.py: 503:Result : <VariableCall @ 0x10e65c780> (<asttree.VariableCall object at 0x10e65c ...)
   yacc.py: 469:Action : Reduce rule [postfix_expression -> primary_expression] with [<VariableCall @ 0x10e65c780>] and goto state 106
   yacc.py: 503:Result : <VariableCall @ 0x10e65c780> (<asttree.VariableCall object at 0x10e65c ...)
   yacc.py: 469:Action : Reduce rule [unary_expression -> postfix_expression] with [<VariableCall @ 0x10e65c780>] and goto state 123
   yacc.py: 503:Result : <VariableCall @ 0x10e65c780> (<asttree.VariableCall object at 0x10e65c ...)
   yacc.py: 469:Action : Reduce rule [cast_expression -> unary_expression] with [<VariableCall @ 0x10e65c780>] and goto state 96
   yacc.py: 503:Result : <VariableCall @ 0x10e65c780> (<asttree.VariableCall object at 0x10e65c ...)
   yacc.py: 469:Action : Reduce rule [multiplicative_expression -> cast_expression] with [<VariableCall @ 0x10e65c780>] and goto state 107
   yacc.py: 503:Result : <VariableCall @ 0x10e65c780> (<asttree.VariableCall object at 0x10e65c ...)
   yacc.py: 469:Action : Reduce rule [additive_expression -> multiplicative_expression] with [<VariableCall @ 0x10e65c780>] and goto state 98
   yacc.py: 503:Result : <VariableCall @ 0x10e65c780> (<asttree.VariableCall object at 0x10e65c ...)
   yacc.py: 469:Action : Reduce rule [shift_expression -> additive_expression] with [<VariableCall @ 0x10e65c780>] and goto state 102
   yacc.py: 503:Result : <VariableCall @ 0x10e65c780> (<asttree.VariableCall object at 0x10e65c ...)
   yacc.py: 469:Action : Reduce rule [relational_expression -> shift_expression] with [<VariableCall @ 0x10e65c780>] and goto state 94
   yacc.py: 503:Result : <VariableCall @ 0x10e65c780> (<asttree.VariableCall object at 0x10e65c ...)
   yacc.py: 469:Action : Reduce rule [equality_expression -> relational_expression] with [<VariableCall @ 0x10e65c780>] and goto state 103
   yacc.py: 503:Result : <VariableCall @ 0x10e65c780> (<asttree.VariableCall object at 0x10e65c ...)
   yacc.py: 469:Action : Reduce rule [and_expression -> equality_expression] with [<VariableCall @ 0x10e65c780>] and goto state 87
   yacc.py: 503:Result : <VariableCall @ 0x10e65c780> (<asttree.VariableCall object at 0x10e65c ...)
   yacc.py: 469:Action : Reduce rule [exclusive_or_expression -> and_expression] with [<VariableCall @ 0x10e65c780>] and goto state 85
   yacc.py: 503:Result : <VariableCall @ 0x10e65c780> (<asttree.VariableCall object at 0x10e65c ...)
   yacc.py: 469:Action : Reduce rule [inclusive_or_expression -> exclusive_or_expression] with [<VariableCall @ 0x10e65c780>] and goto state 90
   yacc.py: 503:Result : <VariableCall @ 0x10e65c780> (<asttree.VariableCall object at 0x10e65c ...)
   yacc.py: 469:Action : Reduce rule [logical_and_expression -> inclusive_or_expression] with [<VariableCall @ 0x10e65c780>] and goto state 100
   yacc.py: 503:Result : <VariableCall @ 0x10e65c780> (<asttree.VariableCall object at 0x10e65c ...)
   yacc.py: 469:Action : Reduce rule [logical_or_expression -> logical_and_expression] with [<VariableCall @ 0x10e65c780>] and goto state 97
   yacc.py: 503:Result : <VariableCall @ 0x10e65c780> (<asttree.VariableCall object at 0x10e65c ...)
   yacc.py: 469:Action : Reduce rule [conditional_expression -> logical_or_expression] with [<VariableCall @ 0x10e65c780>] and goto state 144
   yacc.py: 503:Result : <VariableCall @ 0x10e65c780> (<asttree.VariableCall object at 0x10e65c ...)
   yacc.py: 469:Action : Reduce rule [assignment_expression -> conditional_expression] with [<VariableCall @ 0x10e65c780>] and goto state 297
   yacc.py: 503:Result : <VariableCall @ 0x10e65c780> (<asttree.VariableCall object at 0x10e65c ...)
   yacc.py: 469:Action : Reduce rule [assignment_expression -> unary_expression assignment_operator assignment_expression] with [<VariableCall @ 0x10e65c730>,<AssignOp @ 0x10e65c6e0>,<VariableCall @ 0x10e65c780>] and goto state 142
   yacc.py: 503:Result : <AssignOp @ 0x10e65c6e0> (<asttree.AssignOp object at 0x10e65c6e0>)
   yacc.py: 469:Action : Reduce rule [expression -> assignment_expression] with [<AssignOp @ 0x10e65c6e0>] and goto state 129
   yacc.py: 503:Result : <AssignOp @ 0x10e65c6e0> (<asttree.AssignOp object at 0x10e65c6e0>)
cscanner.py: 134:tokens : IDENTIFIER = IDENTIFIER SEMI 
cscanner.py: 134:source : k = a ; 
cscanner.py: 134:==============================Completed LINE NUMBER: 8======================
cscanner.py: 134:==============================Starting    LINE NUMBER: 9======================
cscanner.py: 106:Line Number: 9 Token: CLOSEBRACE Value: }
   yacc.py: 469:Action : Reduce rule [expression_statement -> expression SEMI] with [<AssignOp @ 0x10e65c6e0>,';'] and goto state 117
   yacc.py: 503:Result : <AssignOp @ 0x10e65c6e0> (<asttree.AssignOp object at 0x10e65c6e0>)
   yacc.py: 469:Action : Reduce rule [statement -> expression_statement] with [<AssignOp @ 0x10e65c6e0>] and goto state 231
   yacc.py: 503:Result : <AssignOp @ 0x10e65c6e0> (<asttree.AssignOp object at 0x10e65c6e0>)
   yacc.py: 469:Action : Reduce rule [statement_list -> statement_list statement] with [<list @ 0x10e63d290>,<AssignOp @ 0x10e65c6e0>] and goto state 213
   yacc.py: 503:Result : <list @ 0x10e63a368> ([<asttree.AssignOp object at 0x10e65c640 ...)
cscanner.py: 134:tokens : CLOSEBRACE 
cscanner.py: 134:source : } 
cscanner.py: 134:==============================Completed LINE NUMBER: 11======================
cscanner.py: 134:==============================Starting    LINE NUMBER: 12======================
   yacc.py: 469:Action : Reduce rule [compound_statement -> OPENBRACE declaration_list statement_list CLOSEBRACE] with ['{',<list @ 0x10e63a098>,<list @ 0x10e63a368>,'}'] and goto state 114
   yacc.py: 503:Result : <list @ 0x10e63dfc8> ([<asttree.DeclList object at 0x10e63d4d0 ...)
   yacc.py: 469:Action : Reduce rule [function_definition -> declaration_specifiers declarator compound_statement] with [<Type @ 0x10e65dfc8>,<FunctionNode @ 0x10e5d7510>,<list @ 0x10e63dfc8>] and goto state 28
   yacc.py: 503:Result : <FuncDef @ 0x10e5fff50> (<asttree.FuncDef object at 0x10e5fff50>)
   yacc.py: 469:Action : Reduce rule [external_declaration -> function_definition] with [<FuncDef @ 0x10e5fff50>] and goto state 46
   yacc.py: 503:Result : <FuncDef @ 0x10e5fff50> (<asttree.FuncDef object at 0x10e5fff50>)
   yacc.py: 469:Action : Reduce rule [translation_unit -> translation_unit external_declaration] with [<list @ 0x10e646e18>,<FuncDef @ 0x10e5fff50>] and goto state 20
   yacc.py: 503:Result : <list @ 0x10e646e18> ([<asttree.DeclList object at 0x10e63d518 ...)
   yacc.py: 564:Done   : Returning <list @ 0x10e646e18> ([<asttree.DeclList object at 0x10e63d518 ...)
   yacc.py: 565:PLY: PARSE DEBUG END
