/*void foo ( ) */
VOID IDENTIFIER OPENPARAN CLOSEPARAN 
/*{ */
OPENBRACE 
/*int b = 24 ; */
INT IDENTIFIER = CONSTANT SEMI 
/*int a [ 50 ] [ b ] ; */
INT IDENTIFIER [ CONSTANT ] [ IDENTIFIER ] SEMI 
/*} */
CLOSEBRACE 
/*void foo2 ( ) */
VOID IDENTIFIER OPENPARAN CLOSEPARAN 
/*{ */
OPENBRACE 
/*int c = 1 ; */
INT IDENTIFIER = CONSTANT SEMI 
/*int b = 1 ; */
INT IDENTIFIER = CONSTANT SEMI 
/*do */
DO 
/*{ */
OPENBRACE 
/*int d = 2 ; */
INT IDENTIFIER = CONSTANT SEMI 
/*} */
CLOSEBRACE 
/*while ( 1 ) ; */
WHILE OPENPARAN CONSTANT CLOSEPARAN SEMI 
/*} */
CLOSEBRACE 
